<?xml version="1.0" encoding="UTF-8"?>
<!-- Generated by org.testng.reporters.JUnitReportReporter -->
<testsuite hostname="DESKTOP-QE2KOS9" failures="0" tests="1" name="restiCode.RestTest" time="1.717" errors="0" timestamp="2024-01-02T22:00:54 IST" skipped="0">
  <testcase classname="restiCode.RestTest" name="getUser" time="1.717"/>
</testsuite> <!-- restiCode.RestTest -->
